{
  "stats": {
    "suites": 1,
    "tests": 1,
    "passes": 1,
    "pending": 0,
    "failures": 0,
    "start": "2020-06-16T10:01:54.062Z",
    "end": "2020-06-16T10:02:51.043Z",
    "duration": 56981,
    "testsRegistered": 1,
    "passPercent": 100,
    "pendingPercent": 0,
    "other": 0,
    "hasOther": false,
    "skipped": 0,
    "hasSkipped": false
  },
  "results": [
    {
      "uuid": "4e071457-a0ff-4f03-80ae-7f0068bc6a57",
      "title": "",
      "fullFile": "cypress\\integration\\examples2\\TestMyWay.js",
      "file": "cypress\\integration\\examples2\\TestMyWay.js",
      "beforeHooks": [],
      "afterHooks": [],
      "tests": [],
      "suites": [
        {
          "uuid": "7c344ba3-17f5-45d5-872e-3708f828347f",
          "title": "Framework tests",
          "fullFile": "",
          "file": "",
          "beforeHooks": [],
          "afterHooks": [],
          "tests": [
            {
              "title": "My first Test case",
              "fullTitle": "Framework tests My first Test case",
              "timedOut": null,
              "duration": 52669,
              "state": "passed",
              "speed": "slow",
              "pass": true,
              "fail": false,
              "pending": false,
              "context": null,
              "code": "var homePage = new _HomePage[\"default\"]();\nvar productPage = new _ProductsPage[\"default\"]();\ncy.visit(Cypress.env('url') + \"/angularpractice/\");\nhomePage.getShopTab().click();\nglobalThis.data.productName.forEach(function (element) {\n  return cy.selectProduct(element);\n});\nproductPage.getCheckoutButton().click();\nproductPage.getAndCompareSum();\ncy.contains('Checkout').click();\ncy.get('#country').type('France');\ncy.get('.suggestions > ul > li > a').click();\ncy.get('#checkbox2').click({\n  force: true\n});\ncy.get('input[type=\"submit\"]').click();\nproductPage.getTextElement().should(\"be.visible\");",
              "err": {},
              "uuid": "b269a7f5-da24-4cc5-b055-f300a250c95e",
              "parentUUID": "7c344ba3-17f5-45d5-872e-3708f828347f",
              "isHook": false,
              "skipped": false
            }
          ],
          "suites": [],
          "passes": [
            "b269a7f5-da24-4cc5-b055-f300a250c95e"
          ],
          "failures": [],
          "pending": [],
          "skipped": [],
          "duration": 52669,
          "root": false,
          "rootEmpty": false,
          "_timeout": 2000
        }
      ],
      "passes": [],
      "failures": [],
      "pending": [],
      "skipped": [],
      "duration": 0,
      "root": true,
      "rootEmpty": true,
      "_timeout": 2000
    }
  ],
  "meta": {
    "mocha": {
      "version": "7.0.1"
    },
    "mochawesome": {
      "options": {
        "quiet": false,
        "reportFilename": "mochawesome",
        "saveHtml": true,
        "saveJson": true,
        "consoleReporter": "spec",
        "useInlineDiffs": false,
        "code": true
      },
      "version": "6.1.1"
    },
    "marge": {
      "options": null,
      "version": "5.1.0"
    }
  }
}